<?xml version="1.0" encoding="UTF-8"?>
<!-- Generated by org.testng.reporters.JUnitReportReporter -->
<testsuite hostname="IN-4XZ90F3" failures="0" tests="1" name="Bench.BenchTest.Negative" time="2.185" errors="0" timestamp="2023-07-24T21:27:21 IST" skipped="0">
  <testcase classname="Bench.BenchTest.Negative" name="negative" time="2.185"/>
  <system-out/>
</testsuite> <!-- Bench.BenchTest.Negative -->
