<?xml version="1.0" encoding="UTF-8"?>
<!-- Generated by org.testng.reporters.JUnitReportReporter -->
<testsuite hostname="IN-4XZ90F3" failures="0" tests="1" name="Bench.BenchTest.Positive" time="2.445" errors="0" timestamp="2023-07-23T23:04:20 IST" skipped="0">
  <testcase classname="Bench.BenchTest.Positive" name="positive" time="2.445"/>
  <system-out/>
</testsuite> <!-- Bench.BenchTest.Positive -->
